<?xml version="1.0" encoding="UTF-8"?>
<!-- Generated by org.testng.reporters.JUnitXMLReporter -->
<testsuite ignored="0" hostname="LAPTOP-64P9DEGN" failures="0" tests="3" name="Default test" time="0.056" errors="0" timestamp="2022-09-04T09:26:35 IST">
  <testcase classname="test.LoanTest" name="PersonalLoanTest1" time="0.005"/>
  <testcase classname="test.LoanTest" name="HomeLoanTest" time="0.001"/>
  <testcase classname="test.LoanTest" name="PersonalLoanTest" time="0.001"/>
</testsuite> <!-- Default test -->
