<?xml version="1.0" encoding="UTF-8"?>
<!-- Generated by org.testng.reporters.JUnitXMLReporter -->
<testsuite ignored="4" hostname="LAPTOP-64P9DEGN" failures="0" tests="2" name="Test" time="0.049" errors="0" timestamp="2022-09-03T12:39:06 IST">
  <testcase classname="test.LoanTest" name="HomeLoanTest" time="0.005"/>
  <testcase classname="test.CardTest" name="CCTest" time="0.001"/>
  <testcase classname="test.BaseClass" name="@AfterTest method4" time="0.0">
    <ignored/>
  </testcase> <!-- @AfterTest method4 -->
  <testcase classname="test.LoanTest" name="PersonalLoanTest1" time="0.0">
    <ignored/>
  </testcase> <!-- PersonalLoanTest1 -->
  <testcase classname="test.LoanTest" name="PersonalLoanTest" time="0.0">
    <ignored/>
  </testcase> <!-- PersonalLoanTest -->
  <testcase classname="test.BaseClass" name="@BeforeTest method3" time="0.0">
    <ignored/>
  </testcase> <!-- @BeforeTest method3 -->
</testsuite> <!-- Test -->
