<?xml version="1.0" encoding="UTF-8"?>
<testng-results ignored="0" total="3" passed="3" failed="0" skipped="0">
  <reporter-output>
  </reporter-output>
  <suite started-at="2022-09-04T09:26:35 IST" name="Default suite" finished-at="2022-09-04T09:26:35 IST" duration-ms="56">
    <groups>
      <group name="sanity">
        <method signature="LoanTest.HomeLoanTest()[pri:1, instance:test.LoanTest@2f8dad04]" name="HomeLoanTest" class="test.LoanTest"/>
      </group> <!-- sanity -->
    </groups>
    <test started-at="2022-09-04T09:26:35 IST" name="Default test" finished-at="2022-09-04T09:26:35 IST" duration-ms="56">
      <class name="test.LoanTest">
        <test-method is-config="true" signature="method3()[pri:0, instance:test.LoanTest@2f8dad04]" started-at="2022-09-04T09:26:35 IST" name="method3" finished-at="2022-09-04T09:26:35 IST" duration-ms="4" status="PASS">
          <reporter-output>
          </reporter-output>
        </test-method> <!-- method3 -->
        <test-method is-config="true" signature="method1()[pri:0, instance:test.LoanTest@2f8dad04]" started-at="2022-09-04T09:26:35 IST" name="method1" finished-at="2022-09-04T09:26:35 IST" duration-ms="0" status="PASS">
          <reporter-output>
          </reporter-output>
        </test-method> <!-- method1 -->
        <test-method signature="PersonalLoanTest1()[pri:0, instance:test.LoanTest@2f8dad04]" started-at="2022-09-04T09:26:35 IST" name="PersonalLoanTest1" finished-at="2022-09-04T09:26:35 IST" duration-ms="5" status="PASS">
          <reporter-output>
          </reporter-output>
        </test-method> <!-- PersonalLoanTest1 -->
        <test-method is-config="true" signature="method2()[pri:0, instance:test.LoanTest@2f8dad04]" started-at="2022-09-04T09:26:35 IST" name="method2" finished-at="2022-09-04T09:26:35 IST" duration-ms="0" status="PASS">
          <reporter-output>
          </reporter-output>
        </test-method> <!-- method2 -->
        <test-method is-config="true" signature="method1()[pri:0, instance:test.LoanTest@2f8dad04]" started-at="2022-09-04T09:26:35 IST" name="method1" finished-at="2022-09-04T09:26:35 IST" duration-ms="1" status="PASS">
          <reporter-output>
          </reporter-output>
        </test-method> <!-- method1 -->
        <test-method signature="HomeLoanTest()[pri:1, instance:test.LoanTest@2f8dad04]" started-at="2022-09-04T09:26:35 IST" name="HomeLoanTest" finished-at="2022-09-04T09:26:35 IST" duration-ms="1" status="PASS">
          <reporter-output>
          </reporter-output>
        </test-method> <!-- HomeLoanTest -->
        <test-method is-config="true" signature="method2()[pri:0, instance:test.LoanTest@2f8dad04]" started-at="2022-09-04T09:26:35 IST" name="method2" finished-at="2022-09-04T09:26:35 IST" duration-ms="0" status="PASS">
          <reporter-output>
          </reporter-output>
        </test-method> <!-- method2 -->
        <test-method is-config="true" signature="method1()[pri:0, instance:test.LoanTest@2f8dad04]" started-at="2022-09-04T09:26:35 IST" name="method1" finished-at="2022-09-04T09:26:35 IST" duration-ms="1" status="PASS">
          <reporter-output>
          </reporter-output>
        </test-method> <!-- method1 -->
        <test-method signature="PersonalLoanTest()[pri:2, instance:test.LoanTest@2f8dad04]" started-at="2022-09-04T09:26:35 IST" name="PersonalLoanTest" description="Describing Personal Loan" finished-at="2022-09-04T09:26:35 IST" duration-ms="1" status="PASS">
          <reporter-output>
          </reporter-output>
        </test-method> <!-- PersonalLoanTest -->
        <test-method is-config="true" signature="method2()[pri:0, instance:test.LoanTest@2f8dad04]" started-at="2022-09-04T09:26:35 IST" name="method2" finished-at="2022-09-04T09:26:35 IST" duration-ms="0" status="PASS">
          <reporter-output>
          </reporter-output>
        </test-method> <!-- method2 -->
        <test-method is-config="true" signature="method4()[pri:0, instance:test.LoanTest@2f8dad04]" started-at="2022-09-04T09:26:35 IST" name="method4" finished-at="2022-09-04T09:26:35 IST" duration-ms="0" status="PASS">
          <reporter-output>
          </reporter-output>
        </test-method> <!-- method4 -->
      </class> <!-- test.LoanTest -->
    </test> <!-- Default test -->
  </suite> <!-- Default suite -->
</testng-results>
